<?xml version="1.0" encoding="UTF-8"?>
<testng-results total="2" passed="2" failed="0" skipped="0">
  <reporter-output>
  </reporter-output>
  <suite started-at="2018-06-25T05:08:01Z" name="Suite" finished-at="2018-06-25T05:09:37Z" duration-ms="96718">
    <groups>
    </groups>
    <test started-at="2018-06-25T05:08:01Z" name="BookAdultTiket" finished-at="2018-06-25T05:08:50Z" duration-ms="49220">
      <class name="com.jksoft.selenium.BookTickets">
        <test-method is-config="true" signature="beforeTest()[pri:0, instance:com.jksoft.selenium.BookTickets@20d525]" started-at="2018-06-25T10:38:01Z" name="beforeTest" finished-at="2018-06-25T10:38:12Z" duration-ms="11535" status="PASS">
          <reporter-output>
          </reporter-output>
        </test-method> <!-- beforeTest -->
        <test-method signature="bookAdultTicket()[pri:0, instance:com.jksoft.selenium.BookTickets@20d525]" started-at="2018-06-25T10:38:12Z" name="bookAdultTicket" finished-at="2018-06-25T10:38:48Z" duration-ms="35881" status="PASS">
          <reporter-output>
          </reporter-output>
        </test-method> <!-- bookAdultTicket -->
        <test-method is-config="true" signature="afterTest()[pri:0, instance:com.jksoft.selenium.BookTickets@20d525]" started-at="2018-06-25T10:38:48Z" name="afterTest" finished-at="2018-06-25T10:38:50Z" duration-ms="1776" status="PASS">
          <reporter-output>
          </reporter-output>
        </test-method> <!-- afterTest -->
      </class> <!-- com.jksoft.selenium.BookTickets -->
    </test> <!-- BookAdultTiket -->
    <test started-at="2018-06-25T05:08:50Z" name="BookChildTiket" finished-at="2018-06-25T05:09:37Z" duration-ms="47366">
      <class name="com.jksoft.selenium.BookChildTickets">
        <test-method is-config="true" signature="beforeTest()[pri:0, instance:com.jksoft.selenium.BookChildTickets@e4487af]" started-at="2018-06-25T10:38:50Z" name="beforeTest" finished-at="2018-06-25T10:38:59Z" duration-ms="8910" status="PASS">
          <reporter-output>
          </reporter-output>
        </test-method> <!-- beforeTest -->
        <test-method signature="bookAdultTicket()[pri:0, instance:com.jksoft.selenium.BookChildTickets@e4487af]" started-at="2018-06-25T10:38:59Z" name="bookAdultTicket" finished-at="2018-06-25T10:39:36Z" duration-ms="36854" status="PASS">
          <reporter-output>
          </reporter-output>
        </test-method> <!-- bookAdultTicket -->
        <test-method is-config="true" signature="afterTest()[pri:0, instance:com.jksoft.selenium.BookChildTickets@e4487af]" started-at="2018-06-25T10:39:36Z" name="afterTest" finished-at="2018-06-25T10:39:37Z" duration-ms="1599" status="PASS">
          <reporter-output>
          </reporter-output>
        </test-method> <!-- afterTest -->
      </class> <!-- com.jksoft.selenium.BookChildTickets -->
    </test> <!-- BookChildTiket -->
  </suite> <!-- Suite -->
</testng-results>
